<?xml version="1.0" encoding="UTF-8"?>
<robot generator="Robot 7.2 (Python 3.12.5 on win32)" generated="2025-03-16T18:19:16.253416" rpa="false" schemaversion="5">
<suite id="s1" name="Api Tests" source="C:\Projetos\automação Robot\desafio_robot\tests\api_tests.robot">
<test id="s1-t1" name="Validar Status Code da API" line="5">
<kw name="Fazer Requisição à API" owner="api_keywords">
<kw name="Create Session" owner="RequestsLibrary">
<msg time="2025-03-16T18:19:16.956882" level="INFO">Creating Session using : alias=sessao_robo, url=https://api.thedogapi.com/v1/breeds, headers=Content-Type=application/json,                     cookies={}, auth=None, timeout=None, proxies=None, verify=False,                     debug=0 </msg>
<msg time="2025-03-16T18:19:16.956882" level="FAIL">ValueError: not enough values to unpack (expected 2, got 1)</msg>
<arg>sessao_robo</arg>
<arg>${URL}</arg>
<arg>headers=Content-Type=application/json</arg>
<doc>Create Session: create a HTTP session to a server</doc>
<status status="FAIL" start="2025-03-16T18:19:16.956882" elapsed="0.028665">ValueError: not enough values to unpack (expected 2, got 1)</status>
</kw>
<kw name="GET On Session" owner="RequestsLibrary">
<var>${resposta}</var>
<arg>sessao_robo</arg>
<arg>/</arg>
<doc>Sends a GET request on a previously created HTTP Session.</doc>
<status status="NOT RUN" start="2025-03-16T18:19:16.985547" elapsed="0.000000"/>
</kw>
<kw name="Should Be Equal As Strings" owner="BuiltIn">
<arg>${resposta.status_code}</arg>
<arg>200</arg>
<doc>Fails if objects are unequal after converting them to strings.</doc>
<status status="NOT RUN" start="2025-03-16T18:19:16.986055" elapsed="0.000000"/>
</kw>
<kw name="Log" owner="BuiltIn">
<arg>${resposta.json()}</arg>
<doc>Logs the given message with the given level.</doc>
<status status="NOT RUN" start="2025-03-16T18:19:16.986055" elapsed="0.000000"/>
</kw>
<var>${response}</var>
<status status="FAIL" start="2025-03-16T18:19:16.955890" elapsed="0.030165">ValueError: not enough values to unpack (expected 2, got 1)</status>
</kw>
<kw name="Validar Status Code" owner="api_keywords">
<arg>${response}</arg>
<arg>200</arg>
<status status="NOT RUN" start="2025-03-16T18:19:16.986055" elapsed="0.000000"/>
</kw>
<status status="FAIL" start="2025-03-16T18:19:16.954888" elapsed="0.031167">ValueError: not enough values to unpack (expected 2, got 1)</status>
</test>
<status status="FAIL" start="2025-03-16T18:19:16.255453" elapsed="0.731613"/>
</suite>
<statistics>
<total>
<stat pass="0" fail="1" skip="0">All Tests</stat>
</total>
<tag>
</tag>
<suite>
<stat name="Api Tests" id="s1" pass="0" fail="1" skip="0">Api Tests</stat>
</suite>
</statistics>
<errors>
</errors>
</robot>
